<?xml version="1.0" encoding="UTF-8"?>
<robot generator="Robot 7.4.1 (Python 3.11.9 on win32)" generated="2026-01-02T13:23:36.129345" rpa="false" schemaversion="5">
<suite id="s1" name="Empty First Last Name" source="C:\Users\sarut\TestAutomationLab\StarterFiles\register_test\Register_Fail\Empty_LandFname\Empty_First_Last_Name.robot">
<test id="s1-t1" name="UAT-Lab04-002-Empty-First-And-Last-Name" line="9">
<kw name="Open Browser" owner="SeleniumLibrary">
<msg time="2026-01-02T13:23:36.323369" level="INFO">Opening browser 'chrome' to base url 'file:///C:/Users/sarut/TestAutomationLab/StarterFiles/Registration.html'.</msg>
<arg>${URL}</arg>
<arg>${BROWSER}</arg>
<doc>Opens a new browser instance to the optional ``url``.</doc>
<status status="PASS" start="2026-01-02T13:23:36.323369" elapsed="1.268998"/>
</kw>
<kw name="Maximize Browser Window" owner="SeleniumLibrary">
<doc>Maximizes current browser window.</doc>
<status status="PASS" start="2026-01-02T13:23:37.593368" elapsed="0.051226"/>
</kw>
<kw name="Input Text" owner="SeleniumLibrary">
<msg time="2026-01-02T13:23:37.646850" level="INFO">Typing text 'CS KKU' into text field 'id=organization'.</msg>
<arg>id=organization</arg>
<arg>CS KKU</arg>
<doc>Types the given ``text`` into the text field identified by ``locator``.</doc>
<status status="PASS" start="2026-01-02T13:23:37.646086" elapsed="0.114847"/>
</kw>
<kw name="Input Text" owner="SeleniumLibrary">
<msg time="2026-01-02T13:23:37.760933" level="INFO">Typing text 'somyod@kkumail.com' into text field 'id=email'.</msg>
<arg>id=email</arg>
<arg>somyod@kkumail.com</arg>
<doc>Types the given ``text`` into the text field identified by ``locator``.</doc>
<status status="PASS" start="2026-01-02T13:23:37.760933" elapsed="0.097259"/>
</kw>
<kw name="Input Text" owner="SeleniumLibrary">
<msg time="2026-01-02T13:23:37.859187" level="INFO">Typing text '091-001-1234' into text field 'id=phone'.</msg>
<arg>id=phone</arg>
<arg>091-001-1234</arg>
<doc>Types the given ``text`` into the text field identified by ``locator``.</doc>
<status status="PASS" start="2026-01-02T13:23:37.859187" elapsed="0.082269"/>
</kw>
<kw name="Click Button" owner="SeleniumLibrary">
<msg time="2026-01-02T13:23:37.944493" level="INFO">Clicking button 'id=registerButton'.</msg>
<arg>id=registerButton</arg>
<doc>Clicks the button identified by ``locator``.</doc>
<status status="PASS" start="2026-01-02T13:23:37.944493" elapsed="0.077239"/>
</kw>
<kw name="Page Should Contain" owner="SeleniumLibrary">
<msg time="2026-01-02T13:23:38.035702" level="INFO">Current page contains text 'Please enter your name!!'.</msg>
<arg>Please enter your name!!</arg>
<doc>Verifies that current page contains ``text``.</doc>
<status status="PASS" start="2026-01-02T13:23:38.022105" elapsed="0.013597"/>
</kw>
<kw name="Capture Page Screenshot" owner="SeleniumLibrary">
<msg time="2026-01-02T13:23:38.113189" level="INFO" html="true">&lt;/td&gt;&lt;/tr&gt;&lt;tr&gt;&lt;td colspan="3"&gt;&lt;a href="selenium-screenshot-1.png"&gt;&lt;img src="selenium-screenshot-1.png" width="800px"&gt;&lt;/a&gt;</msg>
<doc>Takes a screenshot of the current page and embeds it into a log file.</doc>
<status status="PASS" start="2026-01-02T13:23:38.036725" elapsed="0.076464"/>
</kw>
<kw name="Close Browser" owner="SeleniumLibrary">
<doc>Closes the current browser.</doc>
<status status="PASS" start="2026-01-02T13:23:38.114235" elapsed="2.101980"/>
</kw>
<status status="PASS" start="2026-01-02T13:23:36.322369" elapsed="3.893846"/>
</test>
<status status="PASS" start="2026-01-02T13:23:36.130597" elapsed="4.086723"/>
</suite>
<statistics>
<total>
<stat pass="1" fail="0" skip="0">All Tests</stat>
</total>
<tag>
</tag>
<suite>
<stat name="Empty First Last Name" id="s1" pass="1" fail="0" skip="0">Empty First Last Name</stat>
</suite>
</statistics>
<errors>
</errors>
</robot>
